Using pre-set license
Built from '2020.3/staging' branch; Version is '2020.3.4f1 (0abb6314276a) revision 703331'; Using compiler version '192528614'; Build Type 'Release'
OS: 'Windows 10 Home; OS build 22000.978; Version 2009; 64bit' Language: 'en' Physical Memory: 16222 MB
BatchMode: 1, IsHumanControllingUs: 0, StartBugReporterOnCrash: 0, Is64bit: 1, IsPro: 0

 COMMAND LINE ARGUMENTS:
C:\Users\ruebe\OneDrive\Desktop\Unity\2020.3.4f1\Editor\Unity.exe
-adb2
-batchMode
-noUpm
-name
AssetImportWorker0
-projectPath
C:/Users/ruebe/Documents/Unity Projects/Efficient Metal System (EMS) - SpeedFloor/Efficient Metal System (EMS)
-logFile
Logs/AssetImportWorker0.log
-srvPort
59257
Successfully changed project path to: C:/Users/ruebe/Documents/Unity Projects/Efficient Metal System (EMS) - SpeedFloor/Efficient Metal System (EMS)
C:/Users/ruebe/Documents/Unity Projects/Efficient Metal System (EMS) - SpeedFloor/Efficient Metal System (EMS)
Using Asset Import Pipeline V2.
Refreshing native plugins compatible for Editor in 35.41 ms, found 1 plugins.
Preloading 0 native plugins for Editor in 0.00 ms.
Initialize engine version: 2020.3.4f1 (0abb6314276a)
[Subsystems] Discovering subsystems at path C:/Users/ruebe/OneDrive/Desktop/Unity/2020.3.4f1/Editor/Data/Resources/UnitySubsystems
[Subsystems] Discovering subsystems at path C:/Users/ruebe/Documents/Unity Projects/Efficient Metal System (EMS) - SpeedFloor/Efficient Metal System (EMS)/Assets
GfxDevice: creating device client; threaded=0
Direct3D:
    Version:  Direct3D 11.0 [level 11.1]
    Renderer: NVIDIA GeForce GTX 1660 Ti (ID=0x2191)
    Vendor:   
    VRAM:     5991 MB
    Driver:   31.0.15.1659
Initialize mono
Mono path[0] = 'C:/Users/ruebe/OneDrive/Desktop/Unity/2020.3.4f1/Editor/Data/Managed'
Mono path[1] = 'C:/Users/ruebe/OneDrive/Desktop/Unity/2020.3.4f1/Editor/Data/MonoBleedingEdge/lib/mono/unityjit'
Mono config path = 'C:/Users/ruebe/OneDrive/Desktop/Unity/2020.3.4f1/Editor/Data/MonoBleedingEdge/etc'
Using monoOptions --debugger-agent=transport=dt_socket,embedding=1,server=y,suspend=n,address=127.0.0.1:56148
Begin MonoManager ReloadAssembly
Registering precompiled unity dll's ...
Register platform support module: C:/Users/ruebe/OneDrive/Desktop/Unity/2020.3.4f1/Editor/Data/PlaybackEngines/WebGLSupport/UnityEditor.WebGL.Extensions.dll
Register platform support module: C:/Users/ruebe/OneDrive/Desktop/Unity/2020.3.4f1/Editor/Data/PlaybackEngines/WindowsStandaloneSupport/UnityEditor.WindowsStandalone.Extensions.dll
Registered in 0.001540 seconds.
Native extension for WindowsStandalone target not found
Native extension for WebGL target not found
Refreshing native plugins compatible for Editor in 34.67 ms, found 1 plugins.
Preloading 0 native plugins for Editor in 0.00 ms.
Mono: successfully reloaded assembly
- Completed reload, in  2.052 seconds
Platform modules already initialized, skipping
Registering precompiled user dll's ...
Registered in 0.000978 seconds.
Begin MonoManager ReloadAssembly
Native extension for WindowsStandalone target not found
Native extension for WebGL target not found
Refreshing native plugins compatible for Editor in 32.79 ms, found 1 plugins.
Preloading 0 native plugins for Editor in 0.00 ms.
Mono: successfully reloaded assembly
- Completed reload, in  0.826 seconds
Platform modules already initialized, skipping
========================================================================
Worker process is ready to serve import requests
Launched and connected shader compiler UnityShaderCompiler.exe after 0.03 seconds
Refreshing native plugins compatible for Editor in 0.32 ms, found 1 plugins.
Preloading 0 native plugins for Editor in 0.00 ms.
Unloading 1830 Unused Serialized files (Serialized files now loaded: 0)
System memory in use before: 88.5 MB.
System memory in use after: 88.6 MB.

Unloading 18 unused Assets to reduce memory usage. Loaded Objects now: 2285.
Total: 2.355700 ms (FindLiveObjects: 0.309600 ms CreateObjectMapping: 0.063300 ms MarkObjects: 1.962600 ms  DeleteObjects: 0.019300 ms)

========================================================================
Received Import Request.
  path: Assets/Prefabs/JoistInputs_InputFields.prefab
  artifactKey: Guid(ae5981d7d65762b4ca3af9d0971eaa2f) Importer(815301076,1909f56bfc062723c751e8b465ee728b)
Start importing Assets/Prefabs/JoistInputs_InputFields.prefab using Guid(ae5981d7d65762b4ca3af9d0971eaa2f) Importer(815301076,1909f56bfc062723c751e8b465ee728b)  -> (artifact id: 'f18dcba22da88823bb719d42fb84fa78') in 0.105722 seconds
  Import took 0.108721 seconds .

========================================================================
Received Prepare
Registering precompiled user dll's ...
Registered in 0.000945 seconds.
Begin MonoManager ReloadAssembly
Native extension for WindowsStandalone target not found
Native extension for WebGL target not found
Refreshing native plugins compatible for Editor in 0.34 ms, found 1 plugins.
Preloading 0 native plugins for Editor in 0.00 ms.
Mono: successfully reloaded assembly
- Completed reload, in  1.793 seconds
Platform modules already initialized, skipping
Refreshing native plugins compatible for Editor in 0.34 ms, found 1 plugins.
Preloading 0 native plugins for Editor in 0.00 ms.
Unloading 1807 Unused Serialized files (Serialized files now loaded: 0)
System memory in use before: 86.7 MB.
System memory in use after: 86.8 MB.

Unloading 8 unused Assets to reduce memory usage. Loaded Objects now: 2289.
Total: 2.152400 ms (FindLiveObjects: 0.345100 ms CreateObjectMapping: 0.119200 ms MarkObjects: 1.642900 ms  DeleteObjects: 0.044200 ms)

========================================================================
Received Prepare
Refreshing native plugins compatible for Editor in 2.60 ms, found 1 plugins.
Preloading 0 native plugins for Editor in 0.00 ms.
Unloading 5 Unused Serialized files (Serialized files now loaded: 0)
System memory in use before: 50.4 MB.
System memory in use after: 50.5 MB.

Unloading 5 unused Assets to reduce memory usage. Loaded Objects now: 2289.
Total: 2.182700 ms (FindLiveObjects: 0.343800 ms CreateObjectMapping: 0.141100 ms MarkObjects: 1.682000 ms  DeleteObjects: 0.014500 ms)

========================================================================
Received Prepare
Registering precompiled user dll's ...
Registered in 0.000793 seconds.
Begin MonoManager ReloadAssembly
Native extension for WindowsStandalone target not found
Native extension for WebGL target not found
Refreshing native plugins compatible for Editor in 0.38 ms, found 1 plugins.
Preloading 0 native plugins for Editor in 0.00 ms.
Mono: successfully reloaded assembly
- Completed reload, in  0.753 seconds
Platform modules already initialized, skipping
Refreshing native plugins compatible for Editor in 0.32 ms, found 1 plugins.
Preloading 0 native plugins for Editor in 0.00 ms.
Unloading 1807 Unused Serialized files (Serialized files now loaded: 0)
System memory in use before: 86.8 MB.
System memory in use after: 86.9 MB.

Unloading 7 unused Assets to reduce memory usage. Loaded Objects now: 2293.
Total: 2.115400 ms (FindLiveObjects: 0.300900 ms CreateObjectMapping: 0.069900 ms MarkObjects: 1.728900 ms  DeleteObjects: 0.014800 ms)

========================================================================
Received Prepare
Refreshing native plugins compatible for Editor in 1.57 ms, found 1 plugins.
Preloading 0 native plugins for Editor in 0.00 ms.
Unloading 5 Unused Serialized files (Serialized files now loaded: 0)
System memory in use before: 50.4 MB.
System memory in use after: 50.5 MB.

Unloading 5 unused Assets to reduce memory usage. Loaded Objects now: 2293.
Total: 2.379600 ms (FindLiveObjects: 0.476700 ms CreateObjectMapping: 0.128700 ms MarkObjects: 1.751500 ms  DeleteObjects: 0.018400 ms)

========================================================================
Received Prepare
Registering precompiled user dll's ...
Registered in 0.000782 seconds.
Begin MonoManager ReloadAssembly
Native extension for WindowsStandalone target not found
Native extension for WebGL target not found
Refreshing native plugins compatible for Editor in 0.32 ms, found 1 plugins.
Preloading 0 native plugins for Editor in 0.00 ms.
Mono: successfully reloaded assembly
- Completed reload, in  1.627 seconds
Platform modules already initialized, skipping
Refreshing native plugins compatible for Editor in 0.34 ms, found 1 plugins.
Preloading 0 native plugins for Editor in 0.00 ms.
Unloading 1807 Unused Serialized files (Serialized files now loaded: 0)
System memory in use before: 86.8 MB.
System memory in use after: 86.9 MB.

Unloading 7 unused Assets to reduce memory usage. Loaded Objects now: 2297.
Total: 2.201500 ms (FindLiveObjects: 0.591700 ms CreateObjectMapping: 0.096400 ms MarkObjects: 1.493300 ms  DeleteObjects: 0.017000 ms)

========================================================================
Received Prepare
Refreshing native plugins compatible for Editor in 1.53 ms, found 1 plugins.
Preloading 0 native plugins for Editor in 0.00 ms.
Unloading 5 Unused Serialized files (Serialized files now loaded: 0)
System memory in use before: 50.4 MB.
System memory in use after: 50.6 MB.

Unloading 5 unused Assets to reduce memory usage. Loaded Objects now: 2297.
Total: 1.981700 ms (FindLiveObjects: 0.256500 ms CreateObjectMapping: 0.106000 ms MarkObjects: 1.603400 ms  DeleteObjects: 0.014200 ms)

========================================================================
Received Prepare
Refreshing native plugins compatible for Editor in 1.50 ms, found 1 plugins.
Preloading 0 native plugins for Editor in 0.00 ms.
Unloading 5 Unused Serialized files (Serialized files now loaded: 0)
System memory in use before: 50.4 MB.
System memory in use after: 50.6 MB.

Unloading 5 unused Assets to reduce memory usage. Loaded Objects now: 2297.
Total: 2.005300 ms (FindLiveObjects: 0.277800 ms CreateObjectMapping: 0.067000 ms MarkObjects: 1.646200 ms  DeleteObjects: 0.012700 ms)

========================================================================
Received Prepare
Refreshing native plugins compatible for Editor in 1.47 ms, found 1 plugins.
Preloading 0 native plugins for Editor in 0.00 ms.
Unloading 5 Unused Serialized files (Serialized files now loaded: 0)
System memory in use before: 50.5 MB.
System memory in use after: 50.6 MB.

Unloading 5 unused Assets to reduce memory usage. Loaded Objects now: 2297.
Total: 3.019600 ms (FindLiveObjects: 0.399300 ms CreateObjectMapping: 0.130500 ms MarkObjects: 2.455900 ms  DeleteObjects: 0.017300 ms)

========================================================================
Received Import Request.
  Time since last request: 36304.397581 seconds.
  path: Assets/Prefabs/JoistInputs_InputFields.prefab
  artifactKey: Guid(ae5981d7d65762b4ca3af9d0971eaa2f) Importer(815301076,1909f56bfc062723c751e8b465ee728b)
Start importing Assets/Prefabs/JoistInputs_InputFields.prefab using Guid(ae5981d7d65762b4ca3af9d0971eaa2f) Importer(815301076,1909f56bfc062723c751e8b465ee728b)  -> (artifact id: 'fb17ad7b84bc6de394bc9640cbd285e7') in 0.105008 seconds
  Import took 0.108886 seconds .

========================================================================
Received Import Request.
  Time since last request: 9.102932 seconds.
  path: Assets/Prefabs/JoistInputs_InputFields.prefab
  artifactKey: Guid(ae5981d7d65762b4ca3af9d0971eaa2f) Importer(815301076,1909f56bfc062723c751e8b465ee728b)
Start importing Assets/Prefabs/JoistInputs_InputFields.prefab using Guid(ae5981d7d65762b4ca3af9d0971eaa2f) Importer(815301076,1909f56bfc062723c751e8b465ee728b)  -> (artifact id: 'd679ec704e3c23697b09f6b773ec5803') in 0.028108 seconds
  Import took 0.031047 seconds .

========================================================================
Received Import Request.
  Time since last request: 0.370300 seconds.
  path: Assets/Prefabs/JoistInputs_InputFields.prefab
  artifactKey: Guid(ae5981d7d65762b4ca3af9d0971eaa2f) Importer(815301076,1909f56bfc062723c751e8b465ee728b)
Start importing Assets/Prefabs/JoistInputs_InputFields.prefab using Guid(ae5981d7d65762b4ca3af9d0971eaa2f) Importer(815301076,1909f56bfc062723c751e8b465ee728b)  -> (artifact id: 'db1f31587cf612a4a8d3c9bf71141937') in 0.022652 seconds
  Import took 0.025843 seconds .

========================================================================
Received Import Request.
  Time since last request: 3.002200 seconds.
  path: Assets/Prefabs/JoistInputs_InputFields.prefab
  artifactKey: Guid(ae5981d7d65762b4ca3af9d0971eaa2f) Importer(815301076,1909f56bfc062723c751e8b465ee728b)
Start importing Assets/Prefabs/JoistInputs_InputFields.prefab using Guid(ae5981d7d65762b4ca3af9d0971eaa2f) Importer(815301076,1909f56bfc062723c751e8b465ee728b)  -> (artifact id: '012a12a7e1de5b64118159286455e4ab') in 0.025064 seconds
  Import took 0.028150 seconds .

========================================================================
Received Import Request.
  Time since last request: 68.890037 seconds.
  path: Assets/Prefabs/JoistInputs_InputFields.prefab
  artifactKey: Guid(ae5981d7d65762b4ca3af9d0971eaa2f) Importer(815301076,1909f56bfc062723c751e8b465ee728b)
Start importing Assets/Prefabs/JoistInputs_InputFields.prefab using Guid(ae5981d7d65762b4ca3af9d0971eaa2f) Importer(815301076,1909f56bfc062723c751e8b465ee728b)  -> (artifact id: 'ab6831d4d576d6cadecbdcef8a62fdb3') in 0.023620 seconds
  Import took 0.026913 seconds .

========================================================================
Received Import Request.
  Time since last request: 0.596513 seconds.
  path: Assets/Prefabs/JoistInputs_InputFields.prefab
  artifactKey: Guid(ae5981d7d65762b4ca3af9d0971eaa2f) Importer(815301076,1909f56bfc062723c751e8b465ee728b)
Start importing Assets/Prefabs/JoistInputs_InputFields.prefab using Guid(ae5981d7d65762b4ca3af9d0971eaa2f) Importer(815301076,1909f56bfc062723c751e8b465ee728b)  -> (artifact id: 'b8194ae122dc90a9715a16d85f0f3561') in 0.025857 seconds
  Import took 0.029581 seconds .

========================================================================
Received Prepare
Registering precompiled user dll's ...
Registered in 0.000875 seconds.
Begin MonoManager ReloadAssembly
Native extension for WindowsStandalone target not found
Native extension for WebGL target not found
Refreshing native plugins compatible for Editor in 0.32 ms, found 1 plugins.
Preloading 0 native plugins for Editor in 0.00 ms.
Mono: successfully reloaded assembly
- Completed reload, in  0.841 seconds
Platform modules already initialized, skipping
Refreshing native plugins compatible for Editor in 0.36 ms, found 1 plugins.
Preloading 0 native plugins for Editor in 0.00 ms.
Unloading 1807 Unused Serialized files (Serialized files now loaded: 0)
System memory in use before: 86.8 MB.
System memory in use after: 86.9 MB.

Unloading 8 unused Assets to reduce memory usage. Loaded Objects now: 2301.
Total: 1.948400 ms (FindLiveObjects: 0.216800 ms CreateObjectMapping: 0.081000 ms MarkObjects: 1.619100 ms  DeleteObjects: 0.030200 ms)

========================================================================
Received Prepare
Registering precompiled user dll's ...
Registered in 0.000885 seconds.
Begin MonoManager ReloadAssembly
Native extension for WindowsStandalone target not found
Native extension for WebGL target not found
Refreshing native plugins compatible for Editor in 0.39 ms, found 1 plugins.
Preloading 0 native plugins for Editor in 0.00 ms.
Mono: successfully reloaded assembly
- Completed reload, in  0.826 seconds
Platform modules already initialized, skipping
Refreshing native plugins compatible for Editor in 0.32 ms, found 1 plugins.
Preloading 0 native plugins for Editor in 0.00 ms.
Unloading 1807 Unused Serialized files (Serialized files now loaded: 0)
System memory in use before: 86.8 MB.
System memory in use after: 86.9 MB.

Unloading 7 unused Assets to reduce memory usage. Loaded Objects now: 2305.
Total: 2.202000 ms (FindLiveObjects: 0.341100 ms CreateObjectMapping: 0.198400 ms MarkObjects: 1.649100 ms  DeleteObjects: 0.012500 ms)

========================================================================
Received Prepare
Registering precompiled user dll's ...
Registered in 0.000778 seconds.
Begin MonoManager ReloadAssembly
Native extension for WindowsStandalone target not found
Native extension for WebGL target not found
Refreshing native plugins compatible for Editor in 0.32 ms, found 1 plugins.
Preloading 0 native plugins for Editor in 0.00 ms.
Mono: successfully reloaded assembly
- Completed reload, in  0.789 seconds
Platform modules already initialized, skipping
Refreshing native plugins compatible for Editor in 0.32 ms, found 1 plugins.
Preloading 0 native plugins for Editor in 0.00 ms.
Unloading 1807 Unused Serialized files (Serialized files now loaded: 0)
System memory in use before: 86.8 MB.
System memory in use after: 86.9 MB.

Unloading 7 unused Assets to reduce memory usage. Loaded Objects now: 2309.
Total: 1.789800 ms (FindLiveObjects: 0.188100 ms CreateObjectMapping: 0.074600 ms MarkObjects: 1.510100 ms  DeleteObjects: 0.015400 ms)

========================================================================
Received Prepare
Registering precompiled user dll's ...
Registered in 0.000846 seconds.
Begin MonoManager ReloadAssembly
Native extension for WindowsStandalone target not found
Native extension for WebGL target not found
Refreshing native plugins compatible for Editor in 0.32 ms, found 1 plugins.
Preloading 0 native plugins for Editor in 0.00 ms.
Mono: successfully reloaded assembly
- Completed reload, in  0.753 seconds
Platform modules already initialized, skipping
Refreshing native plugins compatible for Editor in 0.32 ms, found 1 plugins.
Preloading 0 native plugins for Editor in 0.00 ms.
Unloading 1807 Unused Serialized files (Serialized files now loaded: 0)
System memory in use before: 86.8 MB.
System memory in use after: 87.0 MB.

Unloading 7 unused Assets to reduce memory usage. Loaded Objects now: 2313.
Total: 2.216300 ms (FindLiveObjects: 0.425600 ms CreateObjectMapping: 0.178900 ms MarkObjects: 1.574100 ms  DeleteObjects: 0.036500 ms)

========================================================================
Received Prepare
Refreshing native plugins compatible for Editor in 1.94 ms, found 1 plugins.
Preloading 0 native plugins for Editor in 0.00 ms.
Unloading 5 Unused Serialized files (Serialized files now loaded: 0)
System memory in use before: 50.5 MB.
System memory in use after: 50.6 MB.

Unloading 5 unused Assets to reduce memory usage. Loaded Objects now: 2313.
Total: 3.248300 ms (FindLiveObjects: 0.425600 ms CreateObjectMapping: 0.180100 ms MarkObjects: 2.622600 ms  DeleteObjects: 0.017800 ms)

========================================================================
Received Prepare
Registering precompiled user dll's ...
Registered in 0.001027 seconds.
Begin MonoManager ReloadAssembly
Native extension for WindowsStandalone target not found
Native extension for WebGL target not found
Refreshing native plugins compatible for Editor in 0.32 ms, found 1 plugins.
Preloading 0 native plugins for Editor in 0.00 ms.
Mono: successfully reloaded assembly
- Completed reload, in  0.775 seconds
Platform modules already initialized, skipping
Refreshing native plugins compatible for Editor in 0.38 ms, found 1 plugins.
Preloading 0 native plugins for Editor in 0.00 ms.
Unloading 1807 Unused Serialized files (Serialized files now loaded: 0)
System memory in use before: 86.9 MB.
System memory in use after: 87.0 MB.

Unloading 7 unused Assets to reduce memory usage. Loaded Objects now: 2317.
Total: 2.464900 ms (FindLiveObjects: 0.295900 ms CreateObjectMapping: 0.121100 ms MarkObjects: 2.000700 ms  DeleteObjects: 0.046300 ms)

========================================================================
Received Prepare
Registering precompiled user dll's ...
Registered in 0.000823 seconds.
Begin MonoManager ReloadAssembly
Native extension for WindowsStandalone target not found
Native extension for WebGL target not found
Refreshing native plugins compatible for Editor in 0.33 ms, found 1 plugins.
Preloading 0 native plugins for Editor in 0.00 ms.
Mono: successfully reloaded assembly
- Completed reload, in  1.005 seconds
Platform modules already initialized, skipping
Refreshing native plugins compatible for Editor in 5.67 ms, found 1 plugins.
Preloading 0 native plugins for Editor in 0.00 ms.
Unloading 1807 Unused Serialized files (Serialized files now loaded: 0)
System memory in use before: 86.9 MB.
System memory in use after: 87.0 MB.

Unloading 7 unused Assets to reduce memory usage. Loaded Objects now: 2321.
Total: 6.033700 ms (FindLiveObjects: 0.696900 ms CreateObjectMapping: 0.169200 ms MarkObjects: 5.134800 ms  DeleteObjects: 0.030300 ms)

========================================================================
Received Prepare
Refreshing native plugins compatible for Editor in 1.58 ms, found 1 plugins.
Preloading 0 native plugins for Editor in 0.00 ms.
Unloading 5 Unused Serialized files (Serialized files now loaded: 0)
System memory in use before: 50.5 MB.
System memory in use after: 50.6 MB.

Unloading 5 unused Assets to reduce memory usage. Loaded Objects now: 2321.
Total: 2.074900 ms (FindLiveObjects: 0.272700 ms CreateObjectMapping: 0.093900 ms MarkObjects: 1.689500 ms  DeleteObjects: 0.014800 ms)

========================================================================
Received Prepare
Registering precompiled user dll's ...
Registered in 0.000805 seconds.
Begin MonoManager ReloadAssembly
Native extension for WindowsStandalone target not found
Native extension for WebGL target not found
Refreshing native plugins compatible for Editor in 0.38 ms, found 1 plugins.
Preloading 0 native plugins for Editor in 0.00 ms.
Mono: successfully reloaded assembly
- Completed reload, in  1.935 seconds
Platform modules already initialized, skipping
Refreshing native plugins compatible for Editor in 0.33 ms, found 1 plugins.
Preloading 0 native plugins for Editor in 0.00 ms.
Unloading 1807 Unused Serialized files (Serialized files now loaded: 0)
System memory in use before: 86.9 MB.
System memory in use after: 87.0 MB.

Unloading 7 unused Assets to reduce memory usage. Loaded Objects now: 2325.
Total: 2.032500 ms (FindLiveObjects: 0.178500 ms CreateObjectMapping: 0.082300 ms MarkObjects: 1.751900 ms  DeleteObjects: 0.018500 ms)

========================================================================
Received Prepare
Refreshing native plugins compatible for Editor in 1.86 ms, found 1 plugins.
Preloading 0 native plugins for Editor in 0.00 ms.
Unloading 5 Unused Serialized files (Serialized files now loaded: 0)
System memory in use before: 50.5 MB.
System memory in use after: 50.6 MB.

Unloading 5 unused Assets to reduce memory usage. Loaded Objects now: 2325.
Total: 1.867500 ms (FindLiveObjects: 0.192600 ms CreateObjectMapping: 0.095900 ms MarkObjects: 1.564300 ms  DeleteObjects: 0.013100 ms)

========================================================================
Received Import Request.
  Time since last request: 1646.962691 seconds.
  path: Assets/Prefabs/JoistInputs_InputFields.prefab
  artifactKey: Guid(ae5981d7d65762b4ca3af9d0971eaa2f) Importer(815301076,1909f56bfc062723c751e8b465ee728b)
Start importing Assets/Prefabs/JoistInputs_InputFields.prefab using Guid(ae5981d7d65762b4ca3af9d0971eaa2f) Importer(815301076,1909f56bfc062723c751e8b465ee728b)  -> (artifact id: '97485671b55bc1dc68fd934bc7fc86d8') in 0.091745 seconds
  Import took 0.095352 seconds .

========================================================================
Received Prepare
Registering precompiled user dll's ...
Registered in 0.000957 seconds.
Begin MonoManager ReloadAssembly
Native extension for WindowsStandalone target not found
Native extension for WebGL target not found
Refreshing native plugins compatible for Editor in 0.34 ms, found 1 plugins.
Preloading 0 native plugins for Editor in 0.00 ms.
Mono: successfully reloaded assembly
- Completed reload, in  1.761 seconds
Platform modules already initialized, skipping
Refreshing native plugins compatible for Editor in 0.53 ms, found 1 plugins.
Preloading 0 native plugins for Editor in 0.00 ms.
Unloading 1807 Unused Serialized files (Serialized files now loaded: 0)
System memory in use before: 86.9 MB.
System memory in use after: 87.0 MB.

Unloading 8 unused Assets to reduce memory usage. Loaded Objects now: 2329.
Total: 3.110900 ms (FindLiveObjects: 1.276600 ms CreateObjectMapping: 0.144300 ms MarkObjects: 1.667000 ms  DeleteObjects: 0.021900 ms)

========================================================================
Received Prepare
Refreshing native plugins compatible for Editor in 1.53 ms, found 1 plugins.
Preloading 0 native plugins for Editor in 0.00 ms.
Unloading 5 Unused Serialized files (Serialized files now loaded: 0)
System memory in use before: 50.5 MB.
System memory in use after: 50.7 MB.

Unloading 5 unused Assets to reduce memory usage. Loaded Objects now: 2329.
Total: 2.777400 ms (FindLiveObjects: 0.348800 ms CreateObjectMapping: 0.113900 ms MarkObjects: 2.297800 ms  DeleteObjects: 0.015800 ms)

========================================================================
Received Prepare
Registering precompiled user dll's ...
Registered in 0.001356 seconds.
Begin MonoManager ReloadAssembly
Native extension for WindowsStandalone target not found
Native extension for WebGL target not found
Refreshing native plugins compatible for Editor in 0.34 ms, found 1 plugins.
Preloading 0 native plugins for Editor in 0.00 ms.
Mono: successfully reloaded assembly
- Completed reload, in  1.773 seconds
Platform modules already initialized, skipping
Refreshing native plugins compatible for Editor in 0.33 ms, found 1 plugins.
Preloading 0 native plugins for Editor in 0.00 ms.
Unloading 1807 Unused Serialized files (Serialized files now loaded: 0)
System memory in use before: 86.9 MB.
System memory in use after: 87.0 MB.

Unloading 7 unused Assets to reduce memory usage. Loaded Objects now: 2333.
Total: 1.976000 ms (FindLiveObjects: 0.212900 ms CreateObjectMapping: 0.100300 ms MarkObjects: 1.645600 ms  DeleteObjects: 0.015900 ms)

========================================================================
Received Prepare
Refreshing native plugins compatible for Editor in 1.50 ms, found 1 plugins.
Preloading 0 native plugins for Editor in 0.00 ms.
Unloading 5 Unused Serialized files (Serialized files now loaded: 0)
System memory in use before: 50.6 MB.
System memory in use after: 50.7 MB.

Unloading 5 unused Assets to reduce memory usage. Loaded Objects now: 2333.
Total: 2.227400 ms (FindLiveObjects: 0.246700 ms CreateObjectMapping: 0.113000 ms MarkObjects: 1.851800 ms  DeleteObjects: 0.014800 ms)

========================================================================
Received Prepare
Refreshing native plugins compatible for Editor in 1.95 ms, found 1 plugins.
Preloading 0 native plugins for Editor in 0.00 ms.
Unloading 5 Unused Serialized files (Serialized files now loaded: 0)
System memory in use before: 50.6 MB.
System memory in use after: 50.7 MB.

Unloading 5 unused Assets to reduce memory usage. Loaded Objects now: 2333.
Total: 3.847800 ms (FindLiveObjects: 0.374700 ms CreateObjectMapping: 0.199200 ms MarkObjects: 3.248700 ms  DeleteObjects: 0.023000 ms)

========================================================================
Received Prepare
Registering precompiled user dll's ...
Registered in 0.000890 seconds.
Begin MonoManager ReloadAssembly
Native extension for WindowsStandalone target not found
Native extension for WebGL target not found
Refreshing native plugins compatible for Editor in 0.32 ms, found 1 plugins.
Preloading 0 native plugins for Editor in 0.00 ms.
Mono: successfully reloaded assembly
- Completed reload, in  0.818 seconds
Platform modules already initialized, skipping
Refreshing native plugins compatible for Editor in 0.32 ms, found 1 plugins.
Preloading 0 native plugins for Editor in 0.00 ms.
Unloading 1807 Unused Serialized files (Serialized files now loaded: 0)
System memory in use before: 86.9 MB.
System memory in use after: 87.0 MB.

Unloading 7 unused Assets to reduce memory usage. Loaded Objects now: 2337.
Total: 2.559000 ms (FindLiveObjects: 0.473900 ms CreateObjectMapping: 0.126800 ms MarkObjects: 1.936400 ms  DeleteObjects: 0.020900 ms)

========================================================================
Received Prepare
Registering precompiled user dll's ...
Registered in 0.000925 seconds.
Begin MonoManager ReloadAssembly
Native extension for WindowsStandalone target not found
Native extension for WebGL target not found
Refreshing native plugins compatible for Editor in 0.32 ms, found 1 plugins.
Preloading 0 native plugins for Editor in 0.00 ms.
Mono: successfully reloaded assembly
- Completed reload, in  0.772 seconds
Platform modules already initialized, skipping
Refreshing native plugins compatible for Editor in 0.32 ms, found 1 plugins.
Preloading 0 native plugins for Editor in 0.00 ms.
Unloading 1807 Unused Serialized files (Serialized files now loaded: 0)
System memory in use before: 86.9 MB.
System memory in use after: 87.0 MB.

Unloading 7 unused Assets to reduce memory usage. Loaded Objects now: 2341.
Total: 2.540700 ms (FindLiveObjects: 0.250000 ms CreateObjectMapping: 0.098900 ms MarkObjects: 2.151700 ms  DeleteObjects: 0.039000 ms)

========================================================================
Received Prepare
Registering precompiled user dll's ...
Registered in 0.000987 seconds.
Begin MonoManager ReloadAssembly
Native extension for WindowsStandalone target not found
Native extension for WebGL target not found
Refreshing native plugins compatible for Editor in 0.32 ms, found 1 plugins.
Preloading 0 native plugins for Editor in 0.00 ms.
Mono: successfully reloaded assembly
- Completed reload, in  0.813 seconds
Platform modules already initialized, skipping
Refreshing native plugins compatible for Editor in 0.34 ms, found 1 plugins.
Preloading 0 native plugins for Editor in 0.00 ms.
Unloading 1808 Unused Serialized files (Serialized files now loaded: 0)
System memory in use before: 86.9 MB.
System memory in use after: 87.1 MB.

Unloading 7 unused Assets to reduce memory usage. Loaded Objects now: 2346.
Total: 2.127700 ms (FindLiveObjects: 0.239300 ms CreateObjectMapping: 0.080700 ms MarkObjects: 1.792600 ms  DeleteObjects: 0.014000 ms)

========================================================================
Received Prepare
Registering precompiled user dll's ...
Registered in 0.000793 seconds.
Begin MonoManager ReloadAssembly
Native extension for WindowsStandalone target not found
Native extension for WebGL target not found
Refreshing native plugins compatible for Editor in 0.37 ms, found 1 plugins.
Preloading 0 native plugins for Editor in 0.00 ms.
Mono: successfully reloaded assembly
- Completed reload, in  0.866 seconds
Platform modules already initialized, skipping
Refreshing native plugins compatible for Editor in 0.36 ms, found 1 plugins.
Preloading 0 native plugins for Editor in 0.00 ms.
Unloading 1808 Unused Serialized files (Serialized files now loaded: 0)
System memory in use before: 87.0 MB.
System memory in use after: 87.1 MB.

Unloading 7 unused Assets to reduce memory usage. Loaded Objects now: 2350.
Total: 2.512100 ms (FindLiveObjects: 0.378000 ms CreateObjectMapping: 0.164700 ms MarkObjects: 1.951800 ms  DeleteObjects: 0.016200 ms)

========================================================================
Received Prepare
Registering precompiled user dll's ...
Registered in 0.000837 seconds.
Begin MonoManager ReloadAssembly
Native extension for WindowsStandalone target not found
Native extension for WebGL target not found
Refreshing native plugins compatible for Editor in 0.34 ms, found 1 plugins.
Preloading 0 native plugins for Editor in 0.00 ms.
Mono: successfully reloaded assembly
- Completed reload, in  0.854 seconds
Platform modules already initialized, skipping
Refreshing native plugins compatible for Editor in 0.33 ms, found 1 plugins.
Preloading 0 native plugins for Editor in 0.00 ms.
Unloading 1808 Unused Serialized files (Serialized files now loaded: 0)
System memory in use before: 87.0 MB.
System memory in use after: 87.1 MB.

Unloading 7 unused Assets to reduce memory usage. Loaded Objects now: 2354.
Total: 2.331200 ms (FindLiveObjects: 0.356000 ms CreateObjectMapping: 0.153400 ms MarkObjects: 1.800600 ms  DeleteObjects: 0.019300 ms)

========================================================================
Received Prepare
Registering precompiled user dll's ...
Registered in 0.001063 seconds.
Begin MonoManager ReloadAssembly
Native extension for WindowsStandalone target not found
Native extension for WebGL target not found
Refreshing native plugins compatible for Editor in 0.41 ms, found 1 plugins.
Preloading 0 native plugins for Editor in 0.00 ms.
Mono: successfully reloaded assembly
- Completed reload, in  0.824 seconds
Platform modules already initialized, skipping
Refreshing native plugins compatible for Editor in 0.32 ms, found 1 plugins.
Preloading 0 native plugins for Editor in 0.00 ms.
Unloading 1808 Unused Serialized files (Serialized files now loaded: 0)
System memory in use before: 87.0 MB.
System memory in use after: 87.1 MB.

Unloading 7 unused Assets to reduce memory usage. Loaded Objects now: 2358.
Total: 1.853800 ms (FindLiveObjects: 0.195000 ms CreateObjectMapping: 0.066800 ms MarkObjects: 1.576100 ms  DeleteObjects: 0.014800 ms)

========================================================================
Received Prepare
Registering precompiled user dll's ...
Registered in 0.000820 seconds.
Begin MonoManager ReloadAssembly
Native extension for WindowsStandalone target not found
Native extension for WebGL target not found
Refreshing native plugins compatible for Editor in 0.32 ms, found 1 plugins.
Preloading 0 native plugins for Editor in 0.00 ms.
Mono: successfully reloaded assembly
- Completed reload, in  0.774 seconds
Platform modules already initialized, skipping
Refreshing native plugins compatible for Editor in 0.32 ms, found 1 plugins.
Preloading 0 native plugins for Editor in 0.00 ms.
Unloading 1808 Unused Serialized files (Serialized files now loaded: 0)
System memory in use before: 87.0 MB.
System memory in use after: 87.1 MB.

Unloading 7 unused Assets to reduce memory usage. Loaded Objects now: 2362.
Total: 2.105800 ms (FindLiveObjects: 0.226500 ms CreateObjectMapping: 0.073100 ms MarkObjects: 1.791900 ms  DeleteObjects: 0.013500 ms)

========================================================================
Received Prepare
Registering precompiled user dll's ...
Registered in 0.000904 seconds.
Begin MonoManager ReloadAssembly
Native extension for WindowsStandalone target not found
Native extension for WebGL target not found
Refreshing native plugins compatible for Editor in 0.55 ms, found 1 plugins.
Preloading 0 native plugins for Editor in 0.00 ms.
Mono: successfully reloaded assembly
- Completed reload, in  0.782 seconds
Platform modules already initialized, skipping
Refreshing native plugins compatible for Editor in 0.32 ms, found 1 plugins.
Preloading 0 native plugins for Editor in 0.00 ms.
Unloading 1808 Unused Serialized files (Serialized files now loaded: 0)
System memory in use before: 87.0 MB.
System memory in use after: 87.1 MB.

Unloading 7 unused Assets to reduce memory usage. Loaded Objects now: 2366.
Total: 1.985200 ms (FindLiveObjects: 0.340000 ms CreateObjectMapping: 0.071200 ms MarkObjects: 1.559200 ms  DeleteObjects: 0.013800 ms)

========================================================================
Received Prepare
Registering precompiled user dll's ...
Registered in 0.000799 seconds.
Begin MonoManager ReloadAssembly
Native extension for WindowsStandalone target not found
Native extension for WebGL target not found
Refreshing native plugins compatible for Editor in 0.32 ms, found 1 plugins.
Preloading 0 native plugins for Editor in 0.00 ms.
Mono: successfully reloaded assembly
- Completed reload, in  0.811 seconds
Platform modules already initialized, skipping
Refreshing native plugins compatible for Editor in 0.32 ms, found 1 plugins.
Preloading 0 native plugins for Editor in 0.00 ms.
Unloading 1808 Unused Serialized files (Serialized files now loaded: 0)
System memory in use before: 87.0 MB.
System memory in use after: 87.1 MB.

Unloading 7 unused Assets to reduce memory usage. Loaded Objects now: 2370.
Total: 1.783400 ms (FindLiveObjects: 0.228900 ms CreateObjectMapping: 0.088000 ms MarkObjects: 1.451500 ms  DeleteObjects: 0.014000 ms)

========================================================================
Received Prepare
Registering precompiled user dll's ...
Registered in 0.000912 seconds.
Begin MonoManager ReloadAssembly
Native extension for WindowsStandalone target not found
Native extension for WebGL target not found
Refreshing native plugins compatible for Editor in 0.32 ms, found 1 plugins.
Preloading 0 native plugins for Editor in 0.00 ms.
Mono: successfully reloaded assembly
- Completed reload, in  0.883 seconds
Platform modules already initialized, skipping
Refreshing native plugins compatible for Editor in 0.34 ms, found 1 plugins.
Preloading 0 native plugins for Editor in 0.00 ms.
Unloading 1807 Unused Serialized files (Serialized files now loaded: 0)
System memory in use before: 87.0 MB.
System memory in use after: 87.1 MB.

Unloading 8 unused Assets to reduce memory usage. Loaded Objects now: 2373.
Total: 2.137100 ms (FindLiveObjects: 0.454700 ms CreateObjectMapping: 0.171400 ms MarkObjects: 1.494500 ms  DeleteObjects: 0.015200 ms)

========================================================================
Received Prepare
Registering precompiled user dll's ...
Registered in 0.000781 seconds.
Begin MonoManager ReloadAssembly
Native extension for WindowsStandalone target not found
Native extension for WebGL target not found
Refreshing native plugins compatible for Editor in 0.34 ms, found 1 plugins.
Preloading 0 native plugins for Editor in 0.00 ms.
Mono: successfully reloaded assembly
- Completed reload, in  0.934 seconds
Platform modules already initialized, skipping
Refreshing native plugins compatible for Editor in 0.34 ms, found 1 plugins.
Preloading 0 native plugins for Editor in 0.00 ms.
Unloading 1807 Unused Serialized files (Serialized files now loaded: 0)
System memory in use before: 87.0 MB.
System memory in use after: 87.1 MB.

Unloading 7 unused Assets to reduce memory usage. Loaded Objects now: 2377.
Total: 1.947600 ms (FindLiveObjects: 0.211000 ms CreateObjectMapping: 0.097100 ms MarkObjects: 1.624500 ms  DeleteObjects: 0.013900 ms)

========================================================================
Received Prepare
Refreshing native plugins compatible for Editor in 1.47 ms, found 1 plugins.
Preloading 0 native plugins for Editor in 0.00 ms.
Unloading 5 Unused Serialized files (Serialized files now loaded: 0)
System memory in use before: 50.6 MB.
System memory in use after: 50.8 MB.

Unloading 5 unused Assets to reduce memory usage. Loaded Objects now: 2377.
Total: 2.419700 ms (FindLiveObjects: 0.414600 ms CreateObjectMapping: 0.154900 ms MarkObjects: 1.835800 ms  DeleteObjects: 0.013100 ms)

========================================================================
Received Import Request.
  Time since last request: 12921.513516 seconds.
  path: Assets/TextMesh Pro/Sprites/EmojiOne.png
  artifactKey: Guid(dffef66376be4fa480fb02b19edbe903) Importer(815301076,1909f56bfc062723c751e8b465ee728b)
Start importing Assets/TextMesh Pro/Sprites/EmojiOne.png using Guid(dffef66376be4fa480fb02b19edbe903) Importer(815301076,1909f56bfc062723c751e8b465ee728b)  -> (artifact id: '03b50eed242db724e2804dc95be8b6f2') in 0.065460 seconds
  Import took 0.068752 seconds .

========================================================================
Received Import Request.
  Time since last request: 0.000151 seconds.
  path: Assets/TextMesh Pro/Resources/Fonts & Materials/LiberationSans SDF - Fallback.asset
  artifactKey: Guid(2e498d1c8094910479dc3e1b768306a4) Importer(815301076,1909f56bfc062723c751e8b465ee728b)
Start importing Assets/TextMesh Pro/Resources/Fonts & Materials/LiberationSans SDF - Fallback.asset using Guid(2e498d1c8094910479dc3e1b768306a4) Importer(815301076,1909f56bfc062723c751e8b465ee728b)  -> (artifact id: '786f51d03ac79ea83259131ae53714ec') in 0.093616 seconds
  Import took 0.096598 seconds .

========================================================================
Received Import Request.
  Time since last request: 0.000266 seconds.
  path: Assets/TextMesh Pro/Sprites/EmojiOne.png
  artifactKey: Guid(dffef66376be4fa480fb02b19edbe903) Importer(815301076,1909f56bfc062723c751e8b465ee728b)
Start importing Assets/TextMesh Pro/Sprites/EmojiOne.png using Guid(dffef66376be4fa480fb02b19edbe903) Importer(815301076,1909f56bfc062723c751e8b465ee728b)  -> (artifact id: '03b50eed242db724e2804dc95be8b6f2') in 0.009052 seconds
  Import took 0.011745 seconds .

========================================================================
Received Import Request.
  Time since last request: 0.000280 seconds.
  path: Assets/TextMesh Pro/Resources/Fonts & Materials/LiberationSans SDF.asset
  artifactKey: Guid(8f586378b4e144a9851e7b34d9b748ee) Importer(815301076,1909f56bfc062723c751e8b465ee728b)
Start importing Assets/TextMesh Pro/Resources/Fonts & Materials/LiberationSans SDF.asset using Guid(8f586378b4e144a9851e7b34d9b748ee) Importer(815301076,1909f56bfc062723c751e8b465ee728b)  -> (artifact id: 'b443e7cdb6765e714c90bf7438446737') in 0.061689 seconds
  Import took 0.064793 seconds .

========================================================================
Received Import Request.
  Time since last request: 13.448533 seconds.
  path: Assets/Images
  artifactKey: Guid(a36e91a3492b2784c89612a956513700) Importer(815301076,1909f56bfc062723c751e8b465ee728b)
Start importing Assets/Images using Guid(a36e91a3492b2784c89612a956513700) Importer(815301076,1909f56bfc062723c751e8b465ee728b)  -> (artifact id: 'f38b9d0cf5c143683c9ae3470faf77f7') in 0.005455 seconds
  Import took 0.008214 seconds .

========================================================================
Received Import Request.
  Time since last request: 0.000965 seconds.
  path: Assets/Images
  artifactKey: Guid(a36e91a3492b2784c89612a956513700) Importer(815301076,1909f56bfc062723c751e8b465ee728b)
Start importing Assets/Images using Guid(a36e91a3492b2784c89612a956513700) Importer(815301076,1909f56bfc062723c751e8b465ee728b)  -> (artifact id: 'f38b9d0cf5c143683c9ae3470faf77f7') in 0.002346 seconds
  Import took 0.006292 seconds .

========================================================================
Received Import Request.
  Time since last request: 490.463167 seconds.
  path: Assets/Images/wepik-simple-futuristic-pink-coding-logo-2022821-124020.png
  artifactKey: Guid(a4abb5917b355454da6d207fffc4f8f5) Importer(815301076,1909f56bfc062723c751e8b465ee728b)
Start importing Assets/Images/wepik-simple-futuristic-pink-coding-logo-2022821-124020.png using Guid(a4abb5917b355454da6d207fffc4f8f5) Importer(815301076,1909f56bfc062723c751e8b465ee728b)  -> (artifact id: 'cdb4eb7b85cf6e1a08dfc1490c4c2bb3') in 0.026478 seconds
  Import took 0.030960 seconds .

========================================================================
Received Import Request.
  Time since last request: 0.027274 seconds.
  path: Assets/Images/wepik-simple-futuristic-pink-coding-logo-2022821-124020.png
  artifactKey: Guid(a4abb5917b355454da6d207fffc4f8f5) Importer(815301076,1909f56bfc062723c751e8b465ee728b)
Start importing Assets/Images/wepik-simple-futuristic-pink-coding-logo-2022821-124020.png using Guid(a4abb5917b355454da6d207fffc4f8f5) Importer(815301076,1909f56bfc062723c751e8b465ee728b)  -> (artifact id: 'cdb4eb7b85cf6e1a08dfc1490c4c2bb3') in 0.011847 seconds
  Import took 0.014558 seconds .

========================================================================
Received Prepare
Refreshing native plugins compatible for Editor in 1.73 ms, found 1 plugins.
Preloading 0 native plugins for Editor in 0.00 ms.
Unloading 5 Unused Serialized files (Serialized files now loaded: 0)
System memory in use before: 54.7 MB.
System memory in use after: 54.9 MB.

Unloading 5 unused Assets to reduce memory usage. Loaded Objects now: 2422.
Total: 3.658500 ms (FindLiveObjects: 0.677800 ms CreateObjectMapping: 0.161500 ms MarkObjects: 2.799800 ms  DeleteObjects: 0.018200 ms)

========================================================================
Received Prepare
Refreshing native plugins compatible for Editor in 1.46 ms, found 1 plugins.
Preloading 0 native plugins for Editor in 0.00 ms.
Unloading 5 Unused Serialized files (Serialized files now loaded: 0)
System memory in use before: 54.7 MB.
System memory in use after: 54.9 MB.

Unloading 5 unused Assets to reduce memory usage. Loaded Objects now: 2422.
Total: 3.367800 ms (FindLiveObjects: 0.332200 ms CreateObjectMapping: 0.097400 ms MarkObjects: 2.884200 ms  DeleteObjects: 0.052500 ms)

AssetImportWorkerClient::OnTransportError - code=2 error=End of file
